<?xml version="1.0" encoding="UTF-8"?>
<!-- Generated by org.testng.reporters.JUnitReportReporter -->
<testsuite hostname="DESKTOP-T0PR8DN" failures="0" tests="10" name="com.mindtree.runner.MainRunner" time="75.583" errors="0" timestamp="2022-01-17T16:49:37 IST" skipped="0">
  <testcase classname="com.mindtree.runner.MainRunner" name="validateTitle" time="0.730"/>
  <testcase classname="com.mindtree.runner.MainRunner" name="signin" time="5.416"/>
  <testcase classname="com.mindtree.runner.MainRunner" name="app" time="7.487"/>
  <testcase classname="com.mindtree.runner.MainRunner" name="outStation" time="8.759"/>
  <testcase classname="com.mindtree.runner.MainRunner" name="Airport" time="10.307"/>
  <testcase classname="com.mindtree.runner.MainRunner" name="trip" time="9.124"/>
  <testcase classname="com.mindtree.runner.MainRunner" name="Local" time="6.106"/>
  <testcase classname="com.mindtree.runner.MainRunner" name="CarRental" time="19.278"/>
  <testcase classname="com.mindtree.runner.MainRunner" name="signOuts" time="1.244"/>
  <testcase classname="com.mindtree.runner.MainRunner" name="instgram" time="7.132"/>
</testsuite> <!-- com.mindtree.runner.MainRunner -->
